c:\users\ferre\desktop\cyberrun\cyber-run\directx11_starter\debug\vc140.pdb
c:\users\ferre\desktop\cyberrun\cyber-run\directx11_starter\debug\vc140.idb
c:\users\ferre\desktop\cyberrun\cyber-run\directx11_starter\debug\camera.obj
c:\users\ferre\desktop\cyberrun\cyber-run\directx11_starter\debug\gameentity.obj
c:\users\ferre\desktop\cyberrun\cyber-run\directx11_starter\debug\gui.obj
c:\users\ferre\desktop\cyberrun\cyber-run\directx11_starter\debug\material.obj
c:\users\ferre\desktop\cyberrun\cyber-run\directx11_starter\debug\mesh.obj
c:\users\ferre\desktop\cyberrun\cyber-run\directx11_starter\debug\mydemogame.obj
c:\users\ferre\desktop\cyberrun\cyber-run\directx11_starter\debug\dxerr.obj
c:\users\ferre\desktop\cyberrun\cyber-run\directx11_starter\debug\directxgamecore.obj
c:\users\ferre\desktop\cyberrun\cyber-run\directx11_starter\debug\simpleshader.obj
c:\users\ferre\desktop\cyberrun\cyber-run\debug\blurps.cso
c:\users\ferre\desktop\cyberrun\cyber-run\debug\blurvs.cso
c:\users\ferre\desktop\cyberrun\cyber-run\debug\pixelshader.cso
c:\users\ferre\desktop\cyberrun\cyber-run\debug\skyps.cso
c:\users\ferre\desktop\cyberrun\cyber-run\debug\skyvs.cso
c:\users\ferre\desktop\cyberrun\cyber-run\debug\vertexshader.cso
c:\users\ferre\desktop\cyberrun\cyber-run\debug\spriteps.cso
c:\users\ferre\desktop\cyberrun\cyber-run\debug\spritevs.cso
c:\users\ferre\desktop\cyberrun\cyber-run\debug\directx11_starter.ilk
c:\users\ferre\desktop\cyberrun\cyber-run\debug\directx11_starter.exe
c:\users\ferre\desktop\cyberrun\cyber-run\debug\directx11_starter.pdb
c:\users\ferre\desktop\cyberrun\cyber-run\directx11_starter\debug\camera_backup_12628.obj
c:\users\ferre\desktop\cyberrun\cyber-run\directx11_starter\debug\camera_base_12628.obj
c:\users\ferre\desktop\cyberrun\cyber-run\directx11_starter\debug\camera_local_12628.obj
c:\users\ferre\desktop\cyberrun\cyber-run\directx11_starter\debug\camera_remote_12628.obj
c:\users\ferre\desktop\cyberrun\cyber-run\directx11_starter\debug\directx1.feb50fc0.tlog\cl.command.1.tlog
c:\users\ferre\desktop\cyberrun\cyber-run\directx11_starter\debug\directx1.feb50fc0.tlog\cl.read.1.tlog
c:\users\ferre\desktop\cyberrun\cyber-run\directx11_starter\debug\directx1.feb50fc0.tlog\cl.write.1.tlog
c:\users\ferre\desktop\cyberrun\cyber-run\directx11_starter\debug\directx1.feb50fc0.tlog\directx11_starter.write.1u.tlog
c:\users\ferre\desktop\cyberrun\cyber-run\directx11_starter\debug\directx1.feb50fc0.tlog\fxc.command.1.tlog
c:\users\ferre\desktop\cyberrun\cyber-run\directx11_starter\debug\directx1.feb50fc0.tlog\fxc.read.1.tlog
c:\users\ferre\desktop\cyberrun\cyber-run\directx11_starter\debug\directx1.feb50fc0.tlog\fxc.write.1.tlog
c:\users\ferre\desktop\cyberrun\cyber-run\directx11_starter\debug\directx1.feb50fc0.tlog\link.command.1.tlog
c:\users\ferre\desktop\cyberrun\cyber-run\directx11_starter\debug\directx1.feb50fc0.tlog\link.read.1.tlog
c:\users\ferre\desktop\cyberrun\cyber-run\directx11_starter\debug\directx1.feb50fc0.tlog\link.write.1.tlog
