  compilation object save succeeded; see C:\Users\ferre\Desktop\CyberRun\Cyber-Run\Debug\BlurPS.cso
  compilation object save succeeded; see C:\Users\ferre\Desktop\CyberRun\Cyber-Run\Debug\BlurVS.cso
  compilation object save succeeded; see C:\Users\ferre\Desktop\CyberRun\Cyber-Run\Debug\PixelShader.cso
  compilation object save succeeded; see C:\Users\ferre\Desktop\CyberRun\Cyber-Run\Debug\SkyPS.cso
  compilation object save succeeded; see C:\Users\ferre\Desktop\CyberRun\Cyber-Run\Debug\SkyVS.cso
  compilation object save succeeded; see C:\Users\ferre\Desktop\CyberRun\Cyber-Run\Debug\VertexShader.cso
  SimpleShader.cpp
  DirectXGameCore.cpp
  dxerr.cpp
  MyDemoGame.cpp
c:\users\ferre\desktop\cyberrun\cyber-run\directx11_starter\mydemogame.cpp(185): warning C4018: '<': signed/unsigned mismatch
c:\users\ferre\desktop\cyberrun\cyber-run\directx11_starter\mydemogame.cpp(195): warning C4244: 'argument': conversion from 'time_t' to 'unsigned int', possible loss of data
c:\users\ferre\desktop\cyberrun\cyber-run\directx11_starter\mydemogame.cpp(428): warning C4018: '<': signed/unsigned mismatch
c:\users\ferre\desktop\cyberrun\cyber-run\directx11_starter\mydemogame.cpp(516): warning C4018: '<': signed/unsigned mismatch
c:\users\ferre\desktop\cyberrun\cyber-run\directx11_starter\mydemogame.cpp(578): warning C4018: '<': signed/unsigned mismatch
c:\users\ferre\desktop\cyberrun\cyber-run\directx11_starter\mydemogame.cpp(590): warning C4244: 'argument': conversion from 'float' to 'int', possible loss of data
c:\users\ferre\desktop\cyberrun\cyber-run\directx11_starter\mydemogame.cpp(595): warning C4018: '<': signed/unsigned mismatch
c:\users\ferre\desktop\cyberrun\cyber-run\directx11_starter\mydemogame.cpp(607): warning C4018: '<': signed/unsigned mismatch
c:\users\ferre\desktop\cyberrun\cyber-run\directx11_starter\mydemogame.cpp(619): warning C4018: '<': signed/unsigned mismatch
c:\users\ferre\desktop\cyberrun\cyber-run\directx11_starter\mydemogame.cpp(644): warning C4244: 'argument': conversion from 'float' to 'int', possible loss of data
  Mesh.cpp
  Material.cpp
c:\users\ferre\desktop\cyberrun\cyber-run\directx11_starter\material.cpp(48): warning C4018: '<': signed/unsigned mismatch
  GameEntity.cpp
  Camera.cpp
  Generating Code...
  LINK : C:\Users\ferre\Desktop\CyberRun\Cyber-Run\Debug\DirectX11_Starter.exe not found or not built by the last incremental link; performing full link
  DirectX11_Starter.vcxproj -> C:\Users\ferre\Desktop\CyberRun\Cyber-Run\Debug\DirectX11_Starter.exe
